<?xml version="1.0" encoding="UTF-8"?>
<testsuite xmlns:xsi="http://www.w3.org/2001/XMLSchema-instance" xsi:noNamespaceSchemaLocation="https://maven.apache.org/surefire/maven-surefire-plugin/xsd/surefire-test-report.xsd" name="by.prus.siteinfocheck.repository.StorageRepositoryTest" time="10.209" tests="4" errors="0" skipped="0" failures="0">
  <properties>
[...]
</properties>
  <testcase name="getDataFromStorage" classname="by.prus.siteinfocheck.repository.StorageRepositoryTest" time="0.42"/>
  <testcase name="addUser" classname="by.prus.siteinfocheck.repository.StorageRepositoryTest" time="0.037"/>
  <testcase name="addInfoToStorage" classname="by.prus.siteinfocheck.repository.StorageRepositoryTest" time="0.079"/>
  <testcase name="getUsers" classname="by.prus.siteinfocheck.repository.StorageRepositoryTest" time="0.23"/>
</testsuite>